This is TeX, Version 3.141592653 (TeX Live 2023/Debian) (preloaded format=tex 2025.8.4)  6 AUG 2025 05:22
**notes.tex
(./notes.tex
! Undefined control sequence.
l.3 \documentclass
                  [11pt]{article}
? 
! Undefined control sequence.
l.4 \usepackage
               [utf8]{inputenc}
? 
! Undefined control sequence.
l.5 \usepackage
               [T1]{fontenc}
? 
! Undefined control sequence.
l.6 \usepackage
               {graphicx}
? 
! Undefined control sequence.
l.7 \usepackage
               {longtable}
? 
! Undefined control sequence.
l.8 \usepackage
               {wrapfig}
? 
! Undefined control sequence.
l.9 \usepackage
               {rotating}
? 
! Undefined control sequence.
l.10 \usepackage
                [normalem]{ulem}
? 
! Undefined control sequence.
l.11 \usepackage
                {amsmath}
? 
! Undefined control sequence.
l.12 \usepackage
                {amssymb}
? 
! Undefined control sequence.
l.13 \usepackage
                {capt-of}
? 
! Undefined control sequence.
l.14 \usepackage
                {hyperref}
? 
! Undefined control sequence.
l.15 \author
            {Mr. Maxwell}
? 
! Undefined control sequence.
l.16 \date
          {\today}
? 
! Undefined control sequence.
l.16 \date{\today
                 }
? 
! Undefined control sequence.
l.17 \title
           {Notes}
? 
! Undefined control sequence.
l.18 \hypersetup
                {
? 
! Undefined control sequence.
l.25 \begin
           {document}
? 
! Undefined control sequence.
l.27 \maketitle
               
? 
! Undefined control sequence.
l.28 \tableofcontents
                     
? 
! Undefined control sequence.
l.31 \section
             {Measurement                                                   ...

? 
! Undefined control sequence.
l.32 \label
           {sec:org2fd51d7}
? 
! Undefined control sequence.
l.34 \subsection
                {SI units}
? 
! Undefined control sequence.
l.35 \label
           {sec:org524d4bf}
? 
! Undefined control sequence.
l.37 \begin
           {equation}
? 
! Undefined control sequence.
l.38 \label
           {eq:org1f99bc6}
? 
! Missing $ inserted.
<inserted text> 
                $
<to be read again> 
                   \mskip 
\;->\mskip 
           \thickmuskip 
l.39     1 \;
              watt = 1\; W = 1 \; kg \cdot m^2/s^3
? 
! Missing $ inserted.
<inserted text> 
                $
<to be read again> 
                   \end 
l.40 \end
         {equation}
? 
[1] )
Output written on notes.dvi (1 page, 1032 bytes).
